<?xml version="1.0" encoding="UTF-8"?>
<coverage generated="1715450048429" clover="3.2.0">
  <project timestamp="1715450048429" name="All files">
    <metrics statements="15" coveredstatements="15" conditionals="0" coveredconditionals="0" methods="0" coveredmethods="0" elements="15" coveredelements="15" complexity="0" loc="15" ncloc="15" packages="1" files="1" classes="1"/>
    <file name="envs.plugin.ts" path="C:\Users\Santi\Documents\Santiago\FULLSTACK\Code\Learning\Node.js\05-noc\src\config\plugins\envs.plugin.ts">
      <metrics statements="15" coveredstatements="15" conditionals="0" coveredconditionals="0" methods="0" coveredmethods="0"/>
      <line num="1" count="1" type="stmt"/>
      <line num="2" count="1" type="stmt"/>
      <line num="3" count="1" type="stmt"/>
      <line num="4" count="1" type="stmt"/>
      <line num="5" count="1" type="stmt"/>
      <line num="6" count="1" type="stmt"/>
      <line num="7" count="1" type="stmt"/>
      <line num="8" count="1" type="stmt"/>
      <line num="9" count="1" type="stmt"/>
      <line num="10" count="1" type="stmt"/>
      <line num="11" count="1" type="stmt"/>
      <line num="12" count="1" type="stmt"/>
      <line num="13" count="1" type="stmt"/>
      <line num="14" count="1" type="stmt"/>
      <line num="15" count="1" type="stmt"/>
    </file>
  </project>
</coverage>
