TN:
SF:src\app.ts
FN:9,main
FNF:1
FNH:1
FNDA:1,main
DA:1,1
DA:2,1
DA:3,1
DA:4,1
DA:5,1
DA:6,1
DA:7,1
DA:8,1
DA:9,1
DA:10,1
DA:11,1
DA:12,1
DA:13,1
DA:14,1
DA:15,1
DA:16,1
DA:17,1
LF:17
LH:17
BRDA:5,0,0,1
BRDA:5,1,0,1
BRDA:9,2,0,1
BRF:3
BRH:3
end_of_record
TN:
SF:src\config\envs.ts
FNF:0
FNH:0
DA:1,1
DA:2,1
DA:3,1
DA:4,1
DA:5,1
DA:6,1
DA:7,1
LF:7
LH:7
BRF:0
BRH:0
end_of_record
TN:
SF:src\data\postgres\index.ts
FNF:0
FNH:0
DA:1,1
DA:2,1
DA:3,1
DA:4,1
LF:4
LH:4
BRF:0
BRH:0
end_of_record
TN:
SF:src\domain\index.ts
FNF:0
FNH:0
DA:1,1
DA:2,1
DA:3,1
DA:4,1
DA:5,1
DA:6,1
DA:7,1
DA:8,1
DA:9,1
DA:10,1
DA:11,1
DA:12,1
LF:12
LH:12
BRF:0
BRH:0
end_of_record
TN:
SF:src\domain\datasource\todo.datasource.ts
FNF:0
FNH:0
DA:1,1
DA:2,1
DA:3,1
DA:4,1
DA:5,1
DA:6,1
DA:7,1
DA:8,1
DA:9,1
DA:10,1
DA:11,1
DA:12,1
DA:13,1
DA:14,1
DA:15,1
DA:16,1
LF:16
LH:16
BRF:0
BRH:0
end_of_record
TN:
SF:src\domain\dtos\todos\create-todo.dto.ts
FN:5,CreateTodoDto
FN:9,create
FNF:2
FNH:2
FNDA:1,CreateTodoDto
FNDA:3,create
DA:1,1
DA:2,1
DA:3,1
DA:4,1
DA:5,1
DA:6,1
DA:7,1
DA:8,1
DA:9,1
DA:10,3
DA:11,3
DA:12,3
DA:13,3
DA:14,1
DA:15,1
DA:16,1
DA:17,1
DA:18,1
LF:18
LH:18
BRDA:5,0,0,1
BRDA:9,1,0,3
BRDA:13,2,0,1
BRDA:13,3,0,2
BRDA:14,4,0,1
BRF:5
BRH:5
end_of_record
TN:
SF:src\domain\entities\todo.entity.ts
FN:5,TodoEntity
FN:11,get isCompleted
FN:15,fromObject
FNF:3
FNH:2
FNDA:12,TodoEntity
FNDA:0,get isCompleted
FNDA:12,fromObject
DA:1,1
DA:2,1
DA:3,1
DA:4,1
DA:5,1
DA:6,12
DA:7,12
DA:8,12
DA:9,12
DA:10,1
DA:11,1
DA:12,0
DA:13,0
DA:14,1
DA:15,1
DA:16,12
DA:17,12
DA:18,12
DA:19,12
DA:20,12
DA:21,12
DA:22,12
DA:23,2
DA:24,2
DA:25,0
DA:26,0
DA:27,2
DA:28,12
DA:29,12
DA:30,1
DA:31,1
LF:31
LH:27
BRDA:5,0,0,12
BRDA:15,1,0,12
BRDA:18,2,0,0
BRDA:19,3,0,0
BRDA:22,4,0,2
BRDA:24,5,0,0
BRF:6
BRH:3
end_of_record
TN:
SF:src\domain\errors\custom.error.ts
FN:4,CustomError
FNF:1
FNH:1
FNDA:3,CustomError
DA:1,1
DA:2,1
DA:3,1
DA:4,1
DA:5,3
DA:6,3
DA:7,3
DA:8,3
DA:9,3
DA:10,1
LF:10
LH:10
BRDA:4,0,0,3
BRF:1
BRH:1
end_of_record
TN:
SF:src\domain\repositories\todo.repository.ts
FNF:0
FNH:0
DA:1,1
DA:2,1
DA:3,1
DA:4,1
DA:5,1
DA:6,1
DA:7,1
DA:8,1
DA:9,1
DA:10,1
DA:11,1
DA:12,1
DA:13,1
DA:14,1
DA:15,1
DA:16,1
LF:16
LH:16
BRF:0
BRH:0
end_of_record
TN:
SF:src\domain\use-cases\todo\create-todo.ts
FN:13,CreateTodo
FN:17,execute
FNF:2
FNH:2
FNDA:1,CreateTodo
FNDA:1,execute
DA:1,1
DA:2,1
DA:3,1
DA:4,1
DA:5,1
DA:6,1
DA:7,1
DA:8,1
DA:9,1
DA:10,1
DA:11,1
DA:12,1
DA:13,1
DA:14,1
DA:15,1
DA:16,1
DA:17,1
DA:18,1
DA:19,1
DA:20,1
DA:21,1
LF:21
LH:21
BRDA:13,0,0,1
BRDA:17,1,0,1
BRF:2
BRH:2
end_of_record
TN:
SF:src\domain\use-cases\todo\delete-todo.ts
FN:11,DeleteTodo
FN:15,execute
FNF:2
FNH:2
FNDA:2,DeleteTodo
FNDA:2,execute
DA:1,1
DA:2,1
DA:3,1
DA:4,1
DA:5,1
DA:6,1
DA:7,1
DA:8,1
DA:9,1
DA:10,1
DA:11,1
DA:12,2
DA:13,2
DA:14,1
DA:15,1
DA:16,2
DA:17,2
DA:18,1
LF:18
LH:18
BRDA:11,0,0,2
BRDA:15,1,0,2
BRF:2
BRH:2
end_of_record
TN:
SF:src\domain\use-cases\todo\get-todo.ts
FN:11,GetTodo
FN:15,execute
FNF:2
FNH:2
FNDA:2,GetTodo
FNDA:2,execute
DA:1,1
DA:2,1
DA:3,1
DA:4,1
DA:5,1
DA:6,1
DA:7,1
DA:8,1
DA:9,1
DA:10,1
DA:11,1
DA:12,2
DA:13,2
DA:14,1
DA:15,1
DA:16,2
DA:17,2
DA:18,1
LF:18
LH:18
BRDA:11,0,0,2
BRDA:15,1,0,2
BRF:2
BRH:2
end_of_record
TN:
SF:src\domain\use-cases\todo\getAll-todos.ts
FN:11,GetTodos
FN:15,execute
FNF:2
FNH:2
FNDA:1,GetTodos
FNDA:1,execute
DA:1,1
DA:2,1
DA:3,1
DA:4,1
DA:5,1
DA:6,1
DA:7,1
DA:8,1
DA:9,1
DA:10,1
DA:11,1
DA:12,1
DA:13,1
DA:14,1
DA:15,1
DA:16,1
DA:17,1
DA:18,1
LF:18
LH:18
BRDA:11,0,0,1
BRDA:15,1,0,1
BRF:2
BRH:2
end_of_record
TN:
SF:src\domain\use-cases\todo\update-todo.ts
FN:12,UpdateTodo
FN:16,execute
FNF:2
FNH:2
FNDA:4,UpdateTodo
FNDA:4,execute
DA:1,1
DA:2,1
DA:3,1
DA:4,1
DA:5,1
DA:6,1
DA:7,1
DA:8,1
DA:9,1
DA:10,1
DA:11,1
DA:12,1
DA:13,4
DA:14,4
DA:15,1
DA:16,1
DA:17,4
DA:18,4
DA:19,1
LF:19
LH:19
BRDA:12,0,0,4
BRDA:16,1,0,4
BRF:2
BRH:2
end_of_record
TN:
SF:src\infrastructure\datasource\todo.datasource.impl.ts
FN:8,create
FN:15,getAll
FN:19,findById
FN:30,updateById
FN:41,deleteById
FNF:5
FNH:5
FNDA:1,create
FNDA:1,getAll
FNDA:8,findById
FNDA:4,updateById
FNDA:2,deleteById
DA:1,1
DA:2,1
DA:3,1
DA:4,1
DA:5,1
DA:6,1
DA:7,1
DA:8,1
DA:9,1
DA:10,1
DA:11,1
DA:12,1
DA:13,1
DA:14,1
DA:15,1
DA:16,1
DA:17,1
DA:18,1
DA:19,1
DA:20,8
DA:21,8
DA:22,8
DA:23,8
DA:24,8
DA:25,8
DA:26,8
DA:27,8
DA:28,5
DA:29,5
DA:30,1
DA:31,4
DA:32,4
DA:33,3
DA:34,3
DA:35,3
DA:36,3
DA:37,3
DA:38,3
DA:39,3
DA:40,3
DA:41,1
DA:42,2
DA:43,2
DA:44,1
DA:45,1
DA:46,1
DA:47,1
DA:48,1
DA:49,1
DA:50,1
DA:51,1
LF:51
LH:51
BRDA:8,0,0,1
BRDA:15,1,0,1
BRDA:17,2,0,2
BRDA:19,3,0,8
BRDA:27,4,0,3
BRDA:28,5,0,5
BRDA:30,6,0,4
BRDA:33,7,0,3
BRDA:41,8,0,2
BRDA:44,9,0,1
BRF:10
BRH:10
end_of_record
TN:
SF:src\infrastructure\repositories\todo.repository.impl.ts
FN:6,TodoRepositoryImpl
FN:11,create
FN:14,getAll
FN:17,findById
FN:20,updateById
FN:23,deleteById
FNF:6
FNH:6
FNDA:2,TodoRepositoryImpl
FNDA:1,create
FNDA:1,getAll
FNDA:2,findById
FNDA:4,updateById
FNDA:2,deleteById
DA:1,1
DA:2,1
DA:3,1
DA:4,1
DA:5,1
DA:6,1
DA:7,2
DA:8,2
DA:9,1
DA:10,1
DA:11,1
DA:12,1
DA:13,1
DA:14,1
DA:15,1
DA:16,1
DA:17,1
DA:18,2
DA:19,2
DA:20,1
DA:21,4
DA:22,4
DA:23,1
DA:24,2
DA:25,2
DA:26,1
DA:27,1
LF:27
LH:27
BRDA:6,0,0,2
BRDA:11,1,0,1
BRDA:14,2,0,1
BRDA:17,3,0,2
BRDA:20,4,0,4
BRDA:23,5,0,2
BRF:6
BRH:6
end_of_record
TN:
SF:src\presentation\server.ts
FN:19,Server
FN:26,start
FN:52,close
FNF:3
FNH:3
FNDA:1,Server
FNDA:1,start
FNDA:1,close
DA:1,1
DA:2,1
DA:3,1
DA:4,1
DA:5,1
DA:6,1
DA:7,1
DA:8,1
DA:9,1
DA:10,1
DA:11,1
DA:12,1
DA:13,1
DA:14,1
DA:15,1
DA:16,1
DA:17,1
DA:18,1
DA:19,1
DA:20,1
DA:21,1
DA:22,1
DA:23,1
DA:24,1
DA:25,1
DA:26,1
DA:27,1
DA:28,1
DA:29,1
DA:30,1
DA:31,1
DA:32,1
DA:33,1
DA:34,1
DA:35,1
DA:36,1
DA:37,1
DA:38,1
DA:39,1
DA:40,1
DA:41,1
DA:42,1
DA:43,0
DA:44,0
DA:45,1
DA:46,1
DA:47,1
DA:48,1
DA:49,1
DA:50,1
DA:51,1
DA:52,1
DA:53,1
DA:54,1
DA:55,1
LF:55
LH:53
BRDA:19,0,0,1
BRDA:26,1,0,1
BRDA:47,2,0,1
BRDA:52,3,0,1
BRDA:53,4,0,0
BRF:5
BRH:4
end_of_record
TN:
SF:src\presentation\todos\controller.ts
FN:7,TodosController
FN:11,TodosController.handleError
FN:20,TodosController.getTodos
FN:28,TodosController.getTodoById
FN:37,TodosController.createTodo
FN:47,TodosController.updateTodo
FN:59,TodosController.deteleTodo
FNF:7
FNH:7
FNDA:2,TodosController
FNDA:3,TodosController.handleError
FNDA:1,TodosController.getTodos
FNDA:2,TodosController.getTodoById
FNDA:3,TodosController.createTodo
FNDA:4,TodosController.updateTodo
FNDA:2,TodosController.deteleTodo
DA:1,1
DA:2,1
DA:3,1
DA:4,1
DA:5,1
DA:6,1
DA:7,1
DA:8,2
DA:9,2
DA:10,1
DA:11,1
DA:12,3
DA:13,3
DA:14,3
DA:15,3
DA:16,0
DA:17,0
DA:18,0
DA:19,1
DA:20,1
DA:21,1
DA:22,1
DA:23,1
DA:24,1
DA:25,1
DA:26,1
DA:27,1
DA:28,1
DA:29,2
DA:30,2
DA:31,2
DA:32,2
DA:33,2
DA:34,2
DA:35,2
DA:36,1
DA:37,1
DA:38,3
DA:39,3
DA:40,1
DA:41,1
DA:42,1
DA:43,1
DA:44,1
DA:45,1
DA:46,1
DA:47,1
DA:48,4
DA:49,4
DA:50,4
DA:51,4
DA:52,4
DA:53,4
DA:54,4
DA:55,4
DA:56,4
DA:57,4
DA:58,1
DA:59,1
DA:60,2
DA:61,2
DA:62,2
DA:63,2
DA:64,2
DA:65,2
DA:66,2
DA:67,2
DA:68,1
LF:68
LH:65
BRDA:7,0,0,2
BRDA:11,1,0,3
BRDA:16,2,0,0
BRDA:20,3,0,1
BRDA:24,4,0,1
BRDA:28,5,0,2
BRDA:33,6,0,1
BRDA:34,7,0,1
BRDA:37,8,0,3
BRDA:39,9,0,2
BRDA:40,10,0,1
BRDA:43,11,0,1
BRDA:47,12,0,4
BRDA:51,13,0,0
BRDA:55,14,0,3
BRDA:56,15,0,1
BRDA:59,16,0,2
BRDA:64,17,0,1
BRDA:65,18,0,1
BRF:19
BRH:17
end_of_record
TN:
SF:src\presentation\todos\routes.ts
FN:10,get routes
FNF:1
FNH:1
FNDA:2,get routes
DA:1,1
DA:2,1
DA:3,1
DA:4,1
DA:5,1
DA:6,1
DA:7,1
DA:8,1
DA:9,1
DA:10,1
DA:11,2
DA:12,2
DA:13,2
DA:14,2
DA:15,2
DA:16,2
DA:17,2
DA:18,2
DA:19,2
DA:20,2
DA:21,2
DA:22,2
DA:23,2
DA:24,2
DA:25,1
LF:25
LH:25
BRDA:10,0,0,2
BRF:1
BRH:1
end_of_record
TN:
SF:test\test-server.ts
FNF:0
FNH:0
DA:1,1
DA:2,1
DA:3,1
DA:4,1
DA:5,1
DA:6,1
DA:7,1
DA:8,1
DA:9,1
LF:9
LH:9
BRF:0
BRH:0
end_of_record
